2022-10-03 15:40:59,775 ERROR [com.cycks.Main] - net.sf.jasperreports.engine.JRException: Errors were encountered when compiling report expressions class file:
1. Syntax error, insert ")" to complete Expression
                value = Boolean.valueOf(((java.lang.String)field_email.getValue()).length()>0; //$JR_EXPR_ID=43$
                                                                                            ^
2. Syntax error, insert ")" to complete Expression
                value = Boolean.valueOf(((java.lang.String)field_email.getOldValue()).length()>0; //$JR_EXPR_ID=43$
                                                                                               ^
3. Syntax error, insert ")" to complete Expression
                value = Boolean.valueOf(((java.lang.String)field_email.getValue()).length()>0; //$JR_EXPR_ID=43$
                                                                                            ^
3 errors
.
2022-10-03 16:14:15,718 ERROR [org.apache.commons.digester.Digester] - Parse Error at line 338 column 26: cvc-complex-type.2.4.a: 從元素 '{"http://jasperreports.sourceforge.net/jasperreports":printWhenExpression}' 開始找到無效的內容。預期一個 '{"http://jasperreports.sourceforge.net/jasperreports":component}'。
org.xml.sax.SAXParseException; lineNumber: 338; columnNumber: 26; cvc-complex-type.2.4.a: 從元素 '{"http://jasperreports.sourceforge.net/jasperreports":printWhenExpression}' 開始找到無效的內容。預期一個 '{"http://jasperreports.sourceforge.net/jasperreports":component}'。
	at java.xml/com.sun.org.apache.xerces.internal.util.ErrorHandlerWrapper.createSAXParseException(ErrorHandlerWrapper.java:204)
	at java.xml/com.sun.org.apache.xerces.internal.util.ErrorHandlerWrapper.error(ErrorHandlerWrapper.java:135)
	at java.xml/com.sun.org.apache.xerces.internal.impl.XMLErrorReporter.reportError(XMLErrorReporter.java:396)
	at java.xml/com.sun.org.apache.xerces.internal.impl.XMLErrorReporter.reportError(XMLErrorReporter.java:327)
	at java.xml/com.sun.org.apache.xerces.internal.impl.XMLErrorReporter.reportError(XMLErrorReporter.java:284)
	at java.xml/com.sun.org.apache.xerces.internal.impl.xs.XMLSchemaValidator$XSIErrorReporter.reportError(XMLSchemaValidator.java:512)
	at java.xml/com.sun.org.apache.xerces.internal.impl.xs.XMLSchemaValidator.reportSchemaError(XMLSchemaValidator.java:3588)
	at java.xml/com.sun.org.apache.xerces.internal.impl.xs.XMLSchemaValidator.handleStartElement(XMLSchemaValidator.java:1972)
	at java.xml/com.sun.org.apache.xerces.internal.impl.xs.XMLSchemaValidator.startElement(XMLSchemaValidator.java:830)
	at java.xml/com.sun.org.apache.xerces.internal.impl.XMLNSDocumentScannerImpl.scanStartElement(XMLNSDocumentScannerImpl.java:374)
	at java.xml/com.sun.org.apache.xerces.internal.impl.XMLDocumentFragmentScannerImpl$FragmentContentDriver.next(XMLDocumentFragmentScannerImpl.java:2726)
	at java.xml/com.sun.org.apache.xerces.internal.impl.XMLDocumentScannerImpl.next(XMLDocumentScannerImpl.java:605)
	at java.xml/com.sun.org.apache.xerces.internal.impl.XMLNSDocumentScannerImpl.next(XMLNSDocumentScannerImpl.java:112)
	at java.xml/com.sun.org.apache.xerces.internal.impl.XMLDocumentFragmentScannerImpl.scanDocument(XMLDocumentFragmentScannerImpl.java:542)
	at java.xml/com.sun.org.apache.xerces.internal.parsers.XML11Configuration.parse(XML11Configuration.java:889)
	at java.xml/com.sun.org.apache.xerces.internal.parsers.XML11Configuration.parse(XML11Configuration.java:825)
	at java.xml/com.sun.org.apache.xerces.internal.parsers.XMLParser.parse(XMLParser.java:141)
	at java.xml/com.sun.org.apache.xerces.internal.parsers.AbstractSAXParser.parse(AbstractSAXParser.java:1224)
	at java.xml/com.sun.org.apache.xerces.internal.jaxp.SAXParserImpl$JAXPSAXParser.parse(SAXParserImpl.java:637)
	at org.apache.commons.digester.Digester.parse(Digester.java:1892)
	at net.sf.jasperreports.engine.xml.JRXmlLoader.loadXML(JRXmlLoader.java:269)
	at net.sf.jasperreports.engine.xml.JRXmlLoader.loadXML(JRXmlLoader.java:256)
	at net.sf.jasperreports.engine.xml.JRXmlLoader.load(JRXmlLoader.java:245)
	at net.sf.jasperreports.engine.xml.JRXmlLoader.load(JRXmlLoader.java:207)
	at net.sf.jasperreports.engine.xml.JRXmlLoader.load(JRXmlLoader.java:185)
	at net.sf.jasperreports.engine.xml.JRXmlLoader.load(JRXmlLoader.java:176)
	at com.cycks.isp.IspPrint.<init>(IspPrint.java:27)
	at com.cycks.isp.Isp$1.actionPerformed(Isp.java:48)
	at java.desktop/javax.swing.AbstractButton.fireActionPerformed(AbstractButton.java:1972)
	at java.desktop/javax.swing.AbstractButton$Handler.actionPerformed(AbstractButton.java:2313)
	at java.desktop/javax.swing.DefaultButtonModel.fireActionPerformed(DefaultButtonModel.java:405)
	at java.desktop/javax.swing.DefaultButtonModel.setPressed(DefaultButtonModel.java:262)
	at java.desktop/javax.swing.plaf.basic.BasicButtonListener.mouseReleased(BasicButtonListener.java:279)
	at java.desktop/java.awt.Component.processMouseEvent(Component.java:6626)
	at java.desktop/javax.swing.JComponent.processMouseEvent(JComponent.java:3389)
	at java.desktop/java.awt.Component.processEvent(Component.java:6391)
	at java.desktop/java.awt.Container.processEvent(Container.java:2266)
	at java.desktop/java.awt.Component.dispatchEventImpl(Component.java:5001)
	at java.desktop/java.awt.Container.dispatchEventImpl(Container.java:2324)
	at java.desktop/java.awt.Component.dispatchEvent(Component.java:4833)
	at java.desktop/java.awt.LightweightDispatcher.retargetMouseEvent(Container.java:4948)
	at java.desktop/java.awt.LightweightDispatcher.processMouseEvent(Container.java:4575)
	at java.desktop/java.awt.LightweightDispatcher.dispatchEvent(Container.java:4516)
	at java.desktop/java.awt.Container.dispatchEventImpl(Container.java:2310)
	at java.desktop/java.awt.Window.dispatchEventImpl(Window.java:2780)
	at java.desktop/java.awt.Component.dispatchEvent(Component.java:4833)
	at java.desktop/java.awt.EventQueue.dispatchEventImpl(EventQueue.java:773)
	at java.desktop/java.awt.EventQueue$4.run(EventQueue.java:722)
	at java.desktop/java.awt.EventQueue$4.run(EventQueue.java:716)
	at java.base/java.security.AccessController.doPrivileged(AccessController.java:399)
	at java.base/java.security.ProtectionDomain$JavaSecurityAccessImpl.doIntersectionPrivilege(ProtectionDomain.java:86)
	at java.base/java.security.ProtectionDomain$JavaSecurityAccessImpl.doIntersectionPrivilege(ProtectionDomain.java:97)
	at java.desktop/java.awt.EventQueue$5.run(EventQueue.java:746)
	at java.desktop/java.awt.EventQueue$5.run(EventQueue.java:744)
	at java.base/java.security.AccessController.doPrivileged(AccessController.java:399)
	at java.base/java.security.ProtectionDomain$JavaSecurityAccessImpl.doIntersectionPrivilege(ProtectionDomain.java:86)
	at java.desktop/java.awt.EventQueue.dispatchEvent(EventQueue.java:743)
	at java.desktop/java.awt.EventDispatchThread.pumpOneEventForFilters(EventDispatchThread.java:203)
	at java.desktop/java.awt.EventDispatchThread.pumpEventsForFilter(EventDispatchThread.java:124)
	at java.desktop/java.awt.EventDispatchThread.pumpEventsForHierarchy(EventDispatchThread.java:113)
	at java.desktop/java.awt.EventDispatchThread.pumpEvents(EventDispatchThread.java:109)
	at java.desktop/java.awt.EventDispatchThread.pumpEvents(EventDispatchThread.java:101)
	at java.desktop/java.awt.EventDispatchThread.run(EventDispatchThread.java:90)
2022-10-03 16:14:17,115 ERROR [com.cycks.Main] - net.sf.jasperreports.engine.JRException: org.xml.sax.SAXParseException; lineNumber: 338; columnNumber: 26; cvc-complex-type.2.4.a: 從元素 '{"http://jasperreports.sourceforge.net/jasperreports":printWhenExpression}' 開始找到無效的內容。預期一個 '{"http://jasperreports.sourceforge.net/jasperreports":component}'。
2022-10-03 16:23:22,139 ERROR [com.cycks.Main] - net.sf.jasperreports.engine.JRException: Errors were encountered when compiling report expressions class file:
1. The method isempty() is undefined for the type String
                value = !((java.lang.String)field_email.getValue()).isempty(); //$JR_EXPR_ID=46$
                                                                    <----->
2. The method isempty() is undefined for the type String
                value = !((java.lang.String)field_email.getOldValue()).isempty(); //$JR_EXPR_ID=46$
                                                                       <----->
3. The method isempty() is undefined for the type String
                value = !((java.lang.String)field_email.getValue()).isempty(); //$JR_EXPR_ID=46$
                                                                    <----->
3 errors
.
